<?xml version="1.0" encoding="UTF-8"?>
<!-- Generated by org.testng.reporters.JUnitReportReporter -->
<testsuite hostname="Rasels-MacBook-Pro.local" failures="0" tests="7" name="tests.MainLoginTest" time="27.234" errors="0" timestamp="2023-04-16T10:44:36 BDT" skipped="0">
  <testcase classname="tests.MainLoginTest" name="mainLoginTest" time="3.487"/>
  <system-out/>
  <testcase classname="tests.MainLoginTest" name="mainLoginTest" time="3.429"/>
  <system-out/>
  <testcase classname="tests.MainLoginTest" name="mainLoginTest" time="3.825"/>
  <system-out/>
  <testcase classname="tests.MainLoginTest" name="mainLoginTest" time="3.500"/>
  <system-out/>
  <testcase classname="tests.MainLoginTest" name="mainLoginTest" time="3.700"/>
  <system-out/>
  <testcase classname="tests.MainLoginTest" name="mainLoginTest" time="3.696"/>
  <system-out/>
  <testcase classname="tests.MainLoginTest" name="mainLoginTest" time="5.597"/>
  <system-out/>
</testsuite> <!-- tests.MainLoginTest -->
